Determining if the pthread_create exist failed with the following output:
Change Dir: /home/indieblock/git/wallet-core/CMakeFiles/CMakeTmp

Run Build Command:"/usr/bin/make" "cmTC_43866/fast"
/usr/bin/make -f CMakeFiles/cmTC_43866.dir/build.make CMakeFiles/cmTC_43866.dir/build
make[1]: Entering directory '/home/indieblock/git/wallet-core/CMakeFiles/CMakeTmp'
Building C object CMakeFiles/cmTC_43866.dir/CheckSymbolExists.c.o
/usr/bin/clang    -o CMakeFiles/cmTC_43866.dir/CheckSymbolExists.c.o   -c /home/indieblock/git/wallet-core/CMakeFiles/CMakeTmp/CheckSymbolExists.c
Linking C executable cmTC_43866
/usr/bin/cmake -E cmake_link_script CMakeFiles/cmTC_43866.dir/link.txt --verbose=1
/usr/bin/clang      -rdynamic CMakeFiles/cmTC_43866.dir/CheckSymbolExists.c.o  -o cmTC_43866 
/usr/bin/ld: CMakeFiles/cmTC_43866.dir/CheckSymbolExists.c.o: in function `main':
CheckSymbolExists.c:(.text+0x19): undefined reference to `pthread_create'
clang: error: linker command failed with exit code 1 (use -v to see invocation)
make[1]: *** [CMakeFiles/cmTC_43866.dir/build.make:87: cmTC_43866] Error 1
make[1]: Leaving directory '/home/indieblock/git/wallet-core/CMakeFiles/CMakeTmp'
make: *** [Makefile:121: cmTC_43866/fast] Error 2

File /home/indieblock/git/wallet-core/CMakeFiles/CMakeTmp/CheckSymbolExists.c:
/* */
#include <pthread.h>

int main(int argc, char** argv)
{
  (void)argv;
#ifndef pthread_create
  return ((int*)(&pthread_create))[argc];
#else
  (void)argc;
  return 0;
#endif
}

